[22-06-2023 10:26:32] Yulia has joined the chat.
[22-06-2023 10:30:56] Yulia has left the chat.
[22-06-2023 10:32:57] Yulia has joined the chat.
[22-06-2023 10:36:28] Yulia has left the chat.
[22-06-2023 10:36:40] Yulia has joined the chat.
[22-06-2023 10:45:12] Yulia has left the chat.
[22-06-2023 10:45:22] Yulia has joined the chat.
[22-06-2023 10:49:02] Yulia has left the chat.
[22-06-2023 10:49:09] Yulia has joined the chat.
[22-06-2023 10:50:27] Yulia has joined the chat.
[22-06-2023 11:27:58] Yulia has left the chat.
[22-06-2023 11:28:06] yulia has joined the chat.
[22-06-2023 11:34:53] yulia has left the chat.
[22-06-2023 11:39:03] Alice has joined the chat.
[22-06-2023 11:39:04] null has left the chat.
[22-06-2023 11:39:04] null has joined the chat.
[22-06-2023 11:39:04] null has left the chat.
[22-06-2023 11:39:04] Alice has joined the chat.
[22-06-2023 11:39:04] Alice has left the chat.
[22-06-2023 11:39:04] null has joined the chat.
[22-06-2023 11:39:04] null has left the chat.
[22-06-2023 11:44:16] Alice has joined the chat.
[22-06-2023 11:44:16] Alice has joined the chat.
[22-06-2023 11:44:16] Alice has joined the chat.
[22-06-2023 11:44:16] Alice has left the chat.
[22-06-2023 17:45:03] Alice has joined the chat.
[22-06-2023 17:45:04] null has left the chat.
[22-06-2023 17:45:04] null has joined the chat.
[22-06-2023 17:45:04] null has left the chat.
[22-06-2023 17:45:04] Alice has joined the chat.
[22-06-2023 17:45:04] Alice has left the chat.
[22-06-2023 17:45:04] null has left the chat.
[22-06-2023 17:46:23] Alice has joined the chat.
[22-06-2023 17:46:23] null has joined the chat.
[22-06-2023 17:46:23] null has left the chat.
[22-06-2023 17:46:23] null has joined the chat.
[22-06-2023 17:46:23] null has left the chat.
[22-06-2023 17:46:23] Alice has joined the chat.
[22-06-2023 17:46:24] null has left the chat.
[22-06-2023 17:46:24] Alice has left the chat.
[22-06-2023 17:47:35] Alice has joined the chat.
[22-06-2023 17:47:35] null has left the chat.
[22-06-2023 17:47:35] null has joined the chat.
[22-06-2023 17:47:35] null has left the chat.
[22-06-2023 17:47:35] Alice has joined the chat.
[22-06-2023 17:47:35] null has left the chat.
[22-06-2023 17:47:35] Alice has left the chat.
[22-06-2023 17:53:34] Alice has joined the chat.
[22-06-2023 17:53:35] Alice has left the chat.
[22-06-2023 17:55:35] Alice has joined the chat.
[22-06-2023 17:55:35] null has left the chat.
[22-06-2023 17:55:35] null has joined the chat.
[22-06-2023 17:55:35] null has left the chat.
[22-06-2023 17:55:35] Alice has joined the chat.
[22-06-2023 17:55:35] Alice has left the chat.
[22-06-2023 17:55:35] Alice has left the chat.
[22-06-2023 20:48:55] Alice has joined the chat.
[22-06-2023 20:48:55] null has joined the chat.
[22-06-2023 20:48:55] null has left the chat.
[22-06-2023 20:48:55] null has joined the chat.
[22-06-2023 20:48:55] null has left the chat.
[22-06-2023 20:48:55] Alice has joined the chat.
[22-06-2023 20:49:20] Alice has joined the chat.
[22-06-2023 20:49:20] null has joined the chat.
[22-06-2023 20:49:20] null has left the chat.
[22-06-2023 20:49:20] null has joined the chat.
[22-06-2023 20:49:20] null has left the chat.
[22-06-2023 20:49:20] Alice has joined the chat.
[22-06-2023 20:50:40] Alice has joined the chat.
[22-06-2023 20:57:35] Alice has joined the chat.
[22-06-2023 20:57:44] Alice has joined the chat.
[22-06-2023 21:00:31] Alice has joined the chat.
[22-06-2023 21:01:16] Alice has joined the chat.
[22-06-2023 21:01:38] Alice has joined the chat.
[22-06-2023 21:02:15] Alice has joined the chat.
